# JRE version: OpenJDK Runtime Environment Temurin-17.0.17+10 (17.0.17+10) (build 17.0.17+10)
# Java VM: OpenJDK 64-Bit Server VM Temurin-17.0.17+10 (17.0.17+10, mixed mode, sharing, tiered, compressed oops, compressed class ptrs, g1 gc, windows-amd64)
GC Precious Log:
 CPUs: 4 total, 4 available
 Memory: 7973M
 Large Page Support: Disabled
 NUMA Support: Disabled
 Compressed Oops: Enabled (Zero based)
 Heap Region Size: 2M
 Heap Min Capacity: 8M
 Heap Initial Capacity: 126M
 Heap Max Capacity: 4G
 Pre-touch: Disabled
 Parallel Workers: 4
 Concurrent Workers: 1
 Concurrent Refinement Workers: 4
 Periodic GC: Disabled
Heap:
 garbage-first heap   total 143360K, used 87778K [0x0000000700000000, 0x0000000800000000)
  region size 2048K, 8 young (16384K), 2 survivors (4096K)
 Metaspace       used 105395K, committed 105984K, reserved 1179648K
  class space    used 13337K, committed 13632K, reserved 1048576K
GC Heap History (20 events):
Event: 14.768 GC heap before
{Heap before GC invocations=20 (full 0):
 garbage-first heap   total 122880K, used 100305K [0x0000000700000000, 0x0000000800000000)
  region size 2048K, 27 young (55296K), 4 survivors (8192K)
 Metaspace       used 68174K, committed 68672K, reserved 1114112K
  class space    used 9381K, committed 9600K, reserved 1048576K
}
Event: 14.781 GC heap after
{Heap after GC invocations=21 (full 0):
 garbage-first heap   total 122880K, used 60500K [0x0000000700000000, 0x0000000800000000)
  region size 2048K, 3 young (6144K), 3 survivors (6144K)
 Metaspace       used 68174K, committed 68672K, reserved 1114112K
  class space    used 9381K, committed 9600K, reserved 1048576K
}
Event: 15.307 GC heap before
{Heap before GC invocations=21 (full 0):
 garbage-first heap   total 122880K, used 97364K [0x0000000700000000, 0x0000000800000000)
  region size 2048K, 21 young (43008K), 3 survivors (6144K)
 Metaspace       used 72730K, committed 73216K, reserved 1114112K
  class space    used 9818K, committed 10048K, reserved 1048576K
}
Event: 15.314 GC heap after
{Heap after GC invocations=22 (full 0):
 garbage-first heap   total 122880K, used 61926K [0x0000000700000000, 0x0000000800000000)
  region size 2048K, 1 young (2048K), 1 survivors (2048K)
 Metaspace       used 72730K, committed 73216K, reserved 1114112K
  class space    used 9818K, committed 10048K, reserved 1048576K
}
Event: 15.989 GC heap before
{Heap before GC invocations=23 (full 0):
 garbage-first heap   total 122880K, used 98790K [0x0000000700000000, 0x0000000800000000)
  region size 2048K, 19 young (38912K), 1 survivors (2048K)
 Metaspace       used 77391K, committed 77888K, reserved 1179648K
  class space    used 10413K, committed 10624K, reserved 1048576K
}
Event: 15.995 GC heap after
{Heap after GC invocations=24 (full 0):
 garbage-first heap   total 122880K, used 64261K [0x0000000700000000, 0x0000000800000000)
  region size 2048K, 3 young (6144K), 3 survivors (6144K)
 Metaspace       used 77391K, committed 77888K, reserved 1179648K
  class space    used 10413K, committed 10624K, reserved 1048576K
}
Event: 16.408 GC heap before
{Heap before GC invocations=24 (full 0):
 garbage-first heap   total 122880K, used 99077K [0x0000000700000000, 0x0000000800000000)
  region size 2048K, 20 young (40960K), 3 survivors (6144K)
 Metaspace       used 78864K, committed 79360K, reserved 1179648K
  class space    used 10566K, committed 10816K, reserved 1048576K
}
Event: 16.416 GC heap after
{Heap after GC invocations=25 (full 0):
 garbage-first heap   total 122880K, used 66011K [0x0000000700000000, 0x0000000800000000)
  region size 2048K, 3 young (6144K), 3 survivors (6144K)
 Metaspace       used 78864K, committed 79360K, reserved 1179648K
  class space    used 10566K, committed 10816K, reserved 1048576K
}
Event: 17.111 GC heap before
{Heap before GC invocations=26 (full 0):
 garbage-first heap   total 126976K, used 96731K [0x0000000700000000, 0x0000000800000000)
  region size 2048K, 19 young (38912K), 3 survivors (6144K)
 Metaspace       used 80902K, committed 81408K, reserved 1179648K
  class space    used 10794K, committed 11008K, reserved 1048576K
}
Event: 17.119 GC heap after
{Heap after GC invocations=27 (full 0):
 garbage-first heap   total 126976K, used 69147K [0x0000000700000000, 0x0000000800000000)
  region size 2048K, 3 young (6144K), 3 survivors (6144K)
 Metaspace       used 80902K, committed 81408K, reserved 1179648K
  class space    used 10794K, committed 11008K, reserved 1048576K
}
Event: 17.914 GC heap before
{Heap before GC invocations=27 (full 0):
 garbage-first heap   total 126976K, used 101915K [0x0000000700000000, 0x0000000800000000)
  region size 2048K, 19 young (38912K), 3 survivors (6144K)
 Metaspace       used 83487K, committed 83968K, reserved 1179648K
  class space    used 11080K, committed 11328K, reserved 1048576K
}
Event: 17.922 GC heap after
{Heap after GC invocations=28 (full 0):
 garbage-first heap   total 126976K, used 70873K [0x0000000700000000, 0x0000000800000000)
  region size 2048K, 1 young (2048K), 1 survivors (2048K)
 Metaspace       used 83487K, committed 83968K, reserved 1179648K
  class space    used 11080K, committed 11328K, reserved 1048576K
}
Event: 19.030 GC heap before
{Heap before GC invocations=29 (full 0):
 garbage-first heap   total 126976K, used 103641K [0x0000000700000000, 0x0000000800000000)
  region size 2048K, 17 young (34816K), 1 survivors (2048K)
 Metaspace       used 86882K, committed 87488K, reserved 1179648K
  class space    used 11421K, committed 11712K, reserved 1048576K
}
Event: 19.036 GC heap after
{Heap after GC invocations=30 (full 0):
 garbage-first heap   total 126976K, used 73164K [0x0000000700000000, 0x0000000800000000)
  region size 2048K, 3 young (6144K), 3 survivors (6144K)
 Metaspace       used 86882K, committed 87488K, reserved 1179648K
  class space    used 11421K, committed 11712K, reserved 1048576K
}
Event: 19.618 GC heap before
{Heap before GC invocations=30 (full 0):
 garbage-first heap   total 126976K, used 99788K [0x0000000700000000, 0x0000000800000000)
  region size 2048K, 17 young (34816K), 3 survivors (6144K)
 Metaspace       used 90373K, committed 90944K, reserved 1179648K
  class space    used 11757K, committed 12032K, reserved 1048576K
}
Event: 19.625 GC heap after
{Heap after GC invocations=31 (full 0):
 garbage-first heap   total 126976K, used 74965K [0x0000000700000000, 0x0000000800000000)
  region size 2048K, 3 young (6144K), 3 survivors (6144K)
 Metaspace       used 90373K, committed 90944K, reserved 1179648K
  class space    used 11757K, committed 12032K, reserved 1048576K
}
Event: 20.235 GC heap before
{Heap before GC invocations=32 (full 0):
 garbage-first heap   total 133120K, used 101589K [0x0000000700000000, 0x0000000800000000)
  region size 2048K, 17 young (34816K), 3 survivors (6144K)
 Metaspace       used 93920K, committed 94528K, reserved 1179648K
  class space    used 12198K, committed 12480K, reserved 1048576K
}
Event: 20.241 GC heap after
{Heap after GC invocations=33 (full 0):
 garbage-first heap   total 133120K, used 76190K [0x0000000700000000, 0x0000000800000000)
  region size 2048K, 2 young (4096K), 2 survivors (4096K)
 Metaspace       used 93920K, committed 94528K, reserved 1179648K
  class space    used 12198K, committed 12480K, reserved 1048576K
}
Event: 20.756 GC heap before
{Heap before GC invocations=33 (full 0):
 garbage-first heap   total 133120K, used 106910K [0x0000000700000000, 0x0000000800000000)
  region size 2048K, 18 young (36864K), 2 survivors (4096K)
 Metaspace       used 99069K, committed 99648K, reserved 1179648K
  class space    used 12706K, committed 12992K, reserved 1048576K
}
Event: 20.761 GC heap after
{Heap after GC invocations=34 (full 0):
 garbage-first heap   total 133120K, used 76448K [0x0000000700000000, 0x0000000800000000)
  region size 2048K, 2 young (4096K), 2 survivors (4096K)
 Metaspace       used 99069K, committed 99648K, reserved 1179648K
  class space    used 12706K, committed 12992K, reserved 1048576K
}

