# JRE version: OpenJDK Runtime Environment Temurin-17.0.17+10 (17.0.17+10) (build 17.0.17+10)
# Java VM: OpenJDK 64-Bit Server VM Temurin-17.0.17+10 (17.0.17+10, mixed mode, sharing, tiered, compressed oops, compressed class ptrs, g1 gc, windows-amd64)
GC Precious Log:
 CPUs: 4 total, 4 available
 Memory: 7973M
 Large Page Support: Disabled
 NUMA Support: Disabled
 Compressed Oops: Enabled (Zero based)
 Heap Region Size: 2M
 Heap Min Capacity: 8M
 Heap Initial Capacity: 126M
 Heap Max Capacity: 4G
 Pre-touch: Disabled
 Parallel Workers: 4
 Concurrent Workers: 1
 Concurrent Refinement Workers: 4
 Periodic GC: Disabled
Heap:
 garbage-first heap   total 376832K, used 102655K [0x0000000700000000, 0x0000000800000000)
  region size 2048K, 3 young (6144K), 2 survivors (4096K)
 Metaspace       used 130347K, committed 131136K, reserved 1179648K
  class space    used 17038K, committed 17408K, reserved 1048576K
GC Heap History (20 events):
Event: 21.687 GC heap after
{Heap after GC invocations=39 (full 0):
 garbage-first heap   total 157696K, used 85605K [0x0000000700000000, 0x0000000800000000)
  region size 2048K, 4 young (8192K), 4 survivors (8192K)
 Metaspace       used 112147K, committed 112832K, reserved 1179648K
  class space    used 14389K, committed 14720K, reserved 1048576K
}
Event: 24.919 GC heap before
{Heap before GC invocations=39 (full 0):
 garbage-first heap   total 157696K, used 128613K [0x0000000700000000, 0x0000000800000000)
  region size 2048K, 26 young (53248K), 4 survivors (8192K)
 Metaspace       used 116273K, committed 117056K, reserved 1179648K
  class space    used 14941K, committed 15296K, reserved 1048576K
}
Event: 24.930 GC heap after
{Heap after GC invocations=40 (full 0):
 garbage-first heap   total 157696K, used 90933K [0x0000000700000000, 0x0000000800000000)
  region size 2048K, 4 young (8192K), 4 survivors (8192K)
 Metaspace       used 116273K, committed 117056K, reserved 1179648K
  class space    used 14941K, committed 15296K, reserved 1048576K
}
Event: 26.438 GC heap before
{Heap before GC invocations=41 (full 0):
 garbage-first heap   total 161792K, used 129844K [0x0000000700000000, 0x0000000800000000)
  region size 2048K, 23 young (47104K), 4 survivors (8192K)
 Metaspace       used 118460K, committed 119168K, reserved 1179648K
  class space    used 15285K, committed 15616K, reserved 1048576K
}
Event: 26.448 GC heap after
{Heap after GC invocations=42 (full 0):
 garbage-first heap   total 161792K, used 93439K [0x0000000700000000, 0x0000000800000000)
  region size 2048K, 2 young (4096K), 2 survivors (4096K)
 Metaspace       used 118460K, committed 119168K, reserved 1179648K
  class space    used 15285K, committed 15616K, reserved 1048576K
}
Event: 26.520 GC heap before
{Heap before GC invocations=42 (full 0):
 garbage-first heap   total 161792K, used 95487K [0x0000000700000000, 0x0000000800000000)
  region size 2048K, 3 young (6144K), 2 survivors (4096K)
 Metaspace       used 118674K, committed 119360K, reserved 1179648K
  class space    used 15322K, committed 15616K, reserved 1048576K
}
Event: 26.528 GC heap after
{Heap after GC invocations=43 (full 0):
 garbage-first heap   total 161792K, used 86439K [0x0000000700000000, 0x0000000800000000)
  region size 2048K, 1 young (2048K), 1 survivors (2048K)
 Metaspace       used 118674K, committed 119360K, reserved 1179648K
  class space    used 15322K, committed 15616K, reserved 1048576K
}
Event: 27.109 GC heap before
{Heap before GC invocations=43 (full 0):
 garbage-first heap   total 161792K, used 98727K [0x0000000700000000, 0x0000000800000000)
  region size 2048K, 8 young (16384K), 1 survivors (2048K)
 Metaspace       used 119595K, committed 120320K, reserved 1179648K
  class space    used 15492K, committed 15808K, reserved 1048576K
}
Event: 27.112 GC heap after
{Heap after GC invocations=44 (full 0):
 garbage-first heap   total 161792K, used 86504K [0x0000000700000000, 0x0000000800000000)
  region size 2048K, 1 young (2048K), 1 survivors (2048K)
 Metaspace       used 119595K, committed 120320K, reserved 1179648K
  class space    used 15492K, committed 15808K, reserved 1048576K
}
Event: 28.495 GC heap before
{Heap before GC invocations=45 (full 0):
 garbage-first heap   total 163840K, used 143848K [0x0000000700000000, 0x0000000800000000)
  region size 2048K, 23 young (47104K), 1 survivors (2048K)
 Metaspace       used 123330K, committed 124096K, reserved 1179648K
  class space    used 15995K, committed 16320K, reserved 1048576K
}
Event: 28.501 GC heap after
{Heap after GC invocations=46 (full 0):
 garbage-first heap   total 163840K, used 102851K [0x0000000700000000, 0x0000000800000000)
  region size 2048K, 3 young (6144K), 3 survivors (6144K)
 Metaspace       used 123330K, committed 124096K, reserved 1179648K
  class space    used 15995K, committed 16320K, reserved 1048576K
}
Event: 28.540 GC heap before
{Heap before GC invocations=46 (full 0):
 garbage-first heap   total 163840K, used 104899K [0x0000000700000000, 0x0000000800000000)
  region size 2048K, 4 young (8192K), 3 survivors (6144K)
 Metaspace       used 123518K, committed 124288K, reserved 1179648K
  class space    used 16014K, committed 16384K, reserved 1048576K
}
Event: 28.546 GC heap after
{Heap after GC invocations=47 (full 0):
 garbage-first heap   total 163840K, used 102461K [0x0000000700000000, 0x0000000800000000)
  region size 2048K, 1 young (2048K), 1 survivors (2048K)
 Metaspace       used 123518K, committed 124288K, reserved 1179648K
  class space    used 16014K, committed 16384K, reserved 1048576K
}
Event: 29.254 GC heap before
{Heap before GC invocations=47 (full 0):
 garbage-first heap   total 163840K, used 133181K [0x0000000700000000, 0x0000000800000000)
  region size 2048K, 16 young (32768K), 1 survivors (2048K)
 Metaspace       used 125406K, committed 126144K, reserved 1179648K
  class space    used 16261K, committed 16576K, reserved 1048576K
}
Event: 29.257 GC heap after
{Heap after GC invocations=48 (full 0):
 garbage-first heap   total 163840K, used 102937K [0x0000000700000000, 0x0000000800000000)
  region size 2048K, 1 young (2048K), 1 survivors (2048K)
 Metaspace       used 125406K, committed 126144K, reserved 1179648K
  class space    used 16261K, committed 16576K, reserved 1048576K
}
Event: 30.203 GC heap before
{Heap before GC invocations=49 (full 0):
 garbage-first heap   total 188416K, used 133657K [0x0000000700000000, 0x0000000800000000)
  region size 2048K, 17 young (34816K), 1 survivors (2048K)
 Metaspace       used 126844K, committed 127616K, reserved 1179648K
  class space    used 16482K, committed 16832K, reserved 1048576K
}
Event: 30.209 GC heap after
{Heap after GC invocations=50 (full 0):
 garbage-first heap   total 188416K, used 106298K [0x0000000700000000, 0x0000000800000000)
  region size 2048K, 3 young (6144K), 3 survivors (6144K)
 Metaspace       used 126844K, committed 127616K, reserved 1179648K
  class space    used 16482K, committed 16832K, reserved 1048576K
}
Event: 30.270 GC heap before
{Heap before GC invocations=50 (full 0):
 garbage-first heap   total 188416K, used 106298K [0x0000000700000000, 0x0000000800000000)
  region size 2048K, 4 young (8192K), 3 survivors (6144K)
 Metaspace       used 126989K, committed 127744K, reserved 1179648K
  class space    used 16507K, committed 16832K, reserved 1048576K
}
Event: 30.278 GC heap after
{Heap after GC invocations=51 (full 0):
 garbage-first heap   total 188416K, used 106359K [0x0000000700000000, 0x0000000800000000)
  region size 2048K, 1 young (2048K), 1 survivors (2048K)
 Metaspace       used 126989K, committed 127744K, reserved 1179648K
  class space    used 16507K, committed 16832K, reserved 1048576K
}
Event: 32.567 GC heap before
{Heap before GC invocations=51 (full 0):
 garbage-first heap   total 188416K, used 153463K [0x0000000700000000, 0x0000000800000000)
  region size 2048K, 24 young (49152K), 1 survivors (2048K)
 Metaspace       used 130277K, committed 131072K, reserved 1179648K
  class space    used 17029K, committed 17408K, reserved 1048576K
}

