# JRE version: OpenJDK Runtime Environment Temurin-17.0.17+10 (17.0.17+10) (build 17.0.17+10)
# Java VM: OpenJDK 64-Bit Server VM Temurin-17.0.17+10 (17.0.17+10, mixed mode, sharing, tiered, compressed oops, compressed class ptrs, g1 gc, windows-amd64)
GC Precious Log:
 CPUs: 4 total, 4 available
 Memory: 7973M
 Large Page Support: Disabled
 NUMA Support: Disabled
 Compressed Oops: Enabled (Zero based)
 Heap Region Size: 2M
 Heap Min Capacity: 8M
 Heap Initial Capacity: 126M
 Heap Max Capacity: 4G
 Pre-touch: Disabled
 Parallel Workers: 4
 Concurrent Workers: 1
 Concurrent Refinement Workers: 4
 Periodic GC: Disabled
Heap:
 garbage-first heap   total 163840K, used 123547K [0x0000000700000000, 0x0000000800000000)
  region size 2048K, 44 young (90112K), 3 survivors (6144K)
 Metaspace       used 45195K, committed 45760K, reserved 1114112K
  class space    used 6173K, committed 6464K, reserved 1048576K
GC Heap History (20 events):
Event: 6.836 GC heap before
{Heap before GC invocations=6 (full 0):
 garbage-first heap   total 90112K, used 69649K [0x0000000700000000, 0x0000000800000000)
  region size 2048K, 26 young (53248K), 2 survivors (4096K)
 Metaspace       used 26989K, committed 27392K, reserved 1114112K
  class space    used 3975K, committed 4160K, reserved 1048576K
}
Event: 6.843 GC heap after
{Heap after GC invocations=7 (full 0):
 garbage-first heap   total 90112K, used 26007K [0x0000000700000000, 0x0000000800000000)
  region size 2048K, 4 young (8192K), 4 survivors (8192K)
 Metaspace       used 26989K, committed 27392K, reserved 1114112K
  class space    used 3975K, committed 4160K, reserved 1048576K
}
Event: 6.889 GC heap before
{Heap before GC invocations=7 (full 0):
 garbage-first heap   total 90112K, used 28055K [0x0000000700000000, 0x0000000800000000)
  region size 2048K, 5 young (10240K), 4 survivors (8192K)
 Metaspace       used 27232K, committed 27648K, reserved 1114112K
  class space    used 4013K, committed 4224K, reserved 1048576K
}
Event: 6.898 GC heap after
{Heap after GC invocations=8 (full 0):
 garbage-first heap   total 90112K, used 26675K [0x0000000700000000, 0x0000000800000000)
  region size 2048K, 1 young (2048K), 1 survivors (2048K)
 Metaspace       used 27232K, committed 27648K, reserved 1114112K
  class space    used 4013K, committed 4224K, reserved 1048576K
}
Event: 7.659 GC heap before
{Heap before GC invocations=8 (full 0):
 garbage-first heap   total 90112K, used 63539K [0x0000000700000000, 0x0000000800000000)
  region size 2048K, 20 young (40960K), 1 survivors (2048K)
 Metaspace       used 31320K, committed 31680K, reserved 1114112K
  class space    used 4507K, committed 4672K, reserved 1048576K
}
Event: 7.664 GC heap after
{Heap after GC invocations=9 (full 0):
 garbage-first heap   total 90112K, used 29533K [0x0000000700000000, 0x0000000800000000)
  region size 2048K, 2 young (4096K), 2 survivors (4096K)
 Metaspace       used 31320K, committed 31680K, reserved 1114112K
  class space    used 4507K, committed 4672K, reserved 1048576K
}
Event: 8.535 GC heap before
{Heap before GC invocations=9 (full 0):
 garbage-first heap   total 90112K, used 66397K [0x0000000700000000, 0x0000000800000000)
  region size 2048K, 20 young (40960K), 2 survivors (4096K)
 Metaspace       used 34356K, committed 34752K, reserved 1114112K
  class space    used 4976K, committed 5184K, reserved 1048576K
}
Event: 8.540 GC heap after
{Heap after GC invocations=10 (full 0):
 garbage-first heap   total 90112K, used 30193K [0x0000000700000000, 0x0000000800000000)
  region size 2048K, 1 young (2048K), 1 survivors (2048K)
 Metaspace       used 34356K, committed 34752K, reserved 1114112K
  class space    used 4976K, committed 5184K, reserved 1048576K
}
Event: 8.914 GC heap before
{Heap before GC invocations=10 (full 0):
 garbage-first heap   total 90112K, used 40433K [0x0000000700000000, 0x0000000800000000)
  region size 2048K, 7 young (14336K), 1 survivors (2048K)
 Metaspace       used 35718K, committed 36096K, reserved 1114112K
  class space    used 5164K, committed 5376K, reserved 1048576K
}
Event: 8.919 GC heap after
{Heap after GC invocations=11 (full 0):
 garbage-first heap   total 90112K, used 31349K [0x0000000700000000, 0x0000000800000000)
  region size 2048K, 2 young (4096K), 2 survivors (4096K)
 Metaspace       used 35718K, committed 36096K, reserved 1114112K
  class space    used 5164K, committed 5376K, reserved 1048576K
}
Event: 9.899 GC heap before
{Heap before GC invocations=12 (full 0):
 garbage-first heap   total 90112K, used 66165K [0x0000000700000000, 0x0000000800000000)
  region size 2048K, 20 young (40960K), 2 survivors (4096K)
 Metaspace       used 41706K, committed 42112K, reserved 1114112K
  class space    used 5862K, committed 6080K, reserved 1048576K
}
Event: 9.908 GC heap after
{Heap after GC invocations=13 (full 0):
 garbage-first heap   total 90112K, used 35084K [0x0000000700000000, 0x0000000800000000)
  region size 2048K, 3 young (6144K), 3 survivors (6144K)
 Metaspace       used 41706K, committed 42112K, reserved 1114112K
  class space    used 5862K, committed 6080K, reserved 1048576K
}
Event: 10.373 GC heap before
{Heap before GC invocations=13 (full 0):
 garbage-first heap   total 90112K, used 71948K [0x0000000700000000, 0x0000000800000000)
  region size 2048K, 19 young (38912K), 3 survivors (6144K)
 Metaspace       used 42566K, committed 42944K, reserved 1114112K
  class space    used 5892K, committed 6080K, reserved 1048576K
}
Event: 10.386 GC heap after
{Heap after GC invocations=14 (full 0):
 garbage-first heap   total 90112K, used 37411K [0x0000000700000000, 0x0000000800000000)
  region size 2048K, 2 young (4096K), 2 survivors (4096K)
 Metaspace       used 42566K, committed 42944K, reserved 1114112K
  class space    used 5892K, committed 6080K, reserved 1048576K
}
Event: 10.518 GC heap before
{Heap before GC invocations=14 (full 0):
 garbage-first heap   total 90112K, used 68131K [0x0000000700000000, 0x0000000800000000)
  region size 2048K, 17 young (34816K), 2 survivors (4096K)
 Metaspace       used 42567K, committed 42944K, reserved 1114112K
  class space    used 5892K, committed 6080K, reserved 1048576K
}
Event: 10.523 GC heap after
{Heap after GC invocations=15 (full 0):
 garbage-first heap   total 90112K, used 38423K [0x0000000700000000, 0x0000000800000000)
  region size 2048K, 2 young (4096K), 2 survivors (4096K)
 Metaspace       used 42567K, committed 42944K, reserved 1114112K
  class space    used 5892K, committed 6080K, reserved 1048576K
}
Event: 10.658 GC heap before
{Heap before GC invocations=15 (full 0):
 garbage-first heap   total 90112K, used 71191K [0x0000000700000000, 0x0000000800000000)
  region size 2048K, 18 young (36864K), 2 survivors (4096K)
 Metaspace       used 42574K, committed 42944K, reserved 1114112K
  class space    used 5892K, committed 6080K, reserved 1048576K
}
Event: 10.668 GC heap after
{Heap after GC invocations=16 (full 0):
 garbage-first heap   total 90112K, used 39824K [0x0000000700000000, 0x0000000800000000)
  region size 2048K, 2 young (4096K), 2 survivors (4096K)
 Metaspace       used 42574K, committed 42944K, reserved 1114112K
  class space    used 5892K, committed 6080K, reserved 1048576K
}
Event: 10.797 GC heap before
{Heap before GC invocations=16 (full 0):
 garbage-first heap   total 90112K, used 70544K [0x0000000700000000, 0x0000000800000000)
  region size 2048K, 17 young (34816K), 2 survivors (4096K)
 Metaspace       used 42576K, committed 42944K, reserved 1114112K
  class space    used 5892K, committed 6080K, reserved 1048576K
}
Event: 10.804 GC heap after
{Heap after GC invocations=17 (full 0):
 garbage-first heap   total 163840K, used 41627K [0x0000000700000000, 0x0000000800000000)
  region size 2048K, 3 young (6144K), 3 survivors (6144K)
 Metaspace       used 42576K, committed 42944K, reserved 1114112K
  class space    used 5892K, committed 6080K, reserved 1048576K
}

